{"C:\\Users\\Jhontri Boyke\\Documents\\Binar\\challenges\\old-chapter-4\\app.js": {"path":"C:\\Users\\Jhontri Boyke\\Documents\\Binar\\challenges\\old-chapter-4\\app.js","statementMap":{"0":{"start":{"line":2,"column":16},"end":{"line":2,"column":34}},"1":{"start":{"line":3,"column":15},"end":{"line":3,"column":32}},"2":{"start":{"line":6,"column":23},"end":{"line":6,"column":66}},"3":{"start":{"line":7,"column":24},"end":{"line":7,"column":61}},"4":{"start":{"line":10,"column":19},"end":{"line":10,"column":42}},"5":{"start":{"line":13,"column":12},"end":{"line":13,"column":21}},"6":{"start":{"line":16,"column":0},"end":{"line":16,"column":24}},"7":{"start":{"line":17,"column":0},"end":{"line":17,"column":24}},"8":{"start":{"line":18,"column":0},"end":{"line":18,"column":23}},"9":{"start":{"line":21,"column":0},"end":{"line":21,"column":28}},"10":{"start":{"line":24,"column":0},"end":{"line":24,"column":25}},"11":{"start":{"line":26,"column":0},"end":{"line":26,"column":21}}},"fnMap":{},"branchMap":{},"s":{"0":1,"1":1,"2":1,"3":1,"4":1,"5":1,"6":1,"7":1,"8":1,"9":1,"10":1,"11":1},"f":{},"b":{},"_coverageSchema":"1a1c01bbd47fc00a2c39e90264f33305004495a9","hash":"e2059ef6ff38538a4cafa97e2fa33e9bbbb2f31d"}
,"C:\\Users\\Jhontri Boyke\\Documents\\Binar\\challenges\\old-chapter-4\\config\\prisma\\index.js": {"path":"C:\\Users\\Jhontri Boyke\\Documents\\Binar\\challenges\\old-chapter-4\\config\\prisma\\index.js","statementMap":{"0":{"start":{"line":1,"column":25},"end":{"line":1,"column":50}},"1":{"start":{"line":3,"column":15},"end":{"line":3,"column":33}},"2":{"start":{"line":5,"column":0},"end":{"line":5,"column":24}}},"fnMap":{},"branchMap":{},"s":{"0":1,"1":1,"2":1},"f":{},"b":{},"_coverageSchema":"1a1c01bbd47fc00a2c39e90264f33305004495a9","hash":"f7ae94ef57924b7ad54780bb11fa54082be68b35"}
,"C:\\Users\\Jhontri Boyke\\Documents\\Binar\\challenges\\old-chapter-4\\src\\routes\\index.js": {"path":"C:\\Users\\Jhontri Boyke\\Documents\\Binar\\challenges\\old-chapter-4\\src\\routes\\index.js","statementMap":{"0":{"start":{"line":1,"column":16},"end":{"line":1,"column":34}},"1":{"start":{"line":2,"column":15},"end":{"line":2,"column":31}},"2":{"start":{"line":6,"column":18},"end":{"line":6,"column":47}},"3":{"start":{"line":7,"column":19},"end":{"line":7,"column":59}},"4":{"start":{"line":10,"column":18},"end":{"line":10,"column":34}},"5":{"start":{"line":12,"column":0},"end":{"line":12,"column":29}},"6":{"start":{"line":14,"column":0},"end":{"line":14,"column":37}},"7":{"start":{"line":15,"column":0},"end":{"line":15,"column":49}},"8":{"start":{"line":17,"column":0},"end":{"line":17,"column":24}}},"fnMap":{},"branchMap":{},"s":{"0":1,"1":1,"2":1,"3":1,"4":1,"5":1,"6":1,"7":1,"8":1},"f":{},"b":{},"_coverageSchema":"1a1c01bbd47fc00a2c39e90264f33305004495a9","hash":"8f5effcf2baa4fa05374fb921ce8ccf54e957bd0"}
,"C:\\Users\\Jhontri Boyke\\Documents\\Binar\\challenges\\old-chapter-4\\src\\routes\\v1\\accounts.route.js": {"path":"C:\\Users\\Jhontri Boyke\\Documents\\Binar\\challenges\\old-chapter-4\\src\\routes\\v1\\accounts.route.js","statementMap":{"0":{"start":{"line":1,"column":19},"end":{"line":1,"column":37}},"1":{"start":{"line":5,"column":4},"end":{"line":5,"column":47}},"2":{"start":{"line":6,"column":30},"end":{"line":6,"column":72}},"3":{"start":{"line":8,"column":15},"end":{"line":8,"column":23}},"4":{"start":{"line":11,"column":0},"end":{"line":11,"column":50}},"5":{"start":{"line":14,"column":0},"end":{"line":14,"column":53}},"6":{"start":{"line":17,"column":0},"end":{"line":17,"column":64}},"7":{"start":{"line":20,"column":0},"end":{"line":20,"column":79}},"8":{"start":{"line":23,"column":0},"end":{"line":23,"column":59}},"9":{"start":{"line":25,"column":0},"end":{"line":25,"column":24}}},"fnMap":{},"branchMap":{},"s":{"0":1,"1":1,"2":1,"3":1,"4":1,"5":1,"6":1,"7":1,"8":1,"9":1},"f":{},"b":{},"_coverageSchema":"1a1c01bbd47fc00a2c39e90264f33305004495a9","hash":"14e2993358d0f8a3356548f3573626a96c356f3b"}
,"C:\\Users\\Jhontri Boyke\\Documents\\Binar\\challenges\\old-chapter-4\\src\\routes\\v1\\index.js": {"path":"C:\\Users\\Jhontri Boyke\\Documents\\Binar\\challenges\\old-chapter-4\\src\\routes\\v1\\index.js","statementMap":{"0":{"start":{"line":1,"column":16},"end":{"line":1,"column":34}},"1":{"start":{"line":2,"column":15},"end":{"line":2,"column":31}},"2":{"start":{"line":5,"column":21},"end":{"line":5,"column":45}},"3":{"start":{"line":6,"column":24},"end":{"line":6,"column":51}},"4":{"start":{"line":7,"column":28},"end":{"line":7,"column":59}},"5":{"start":{"line":10,"column":0},"end":{"line":10,"column":35}},"6":{"start":{"line":11,"column":0},"end":{"line":11,"column":41}},"7":{"start":{"line":12,"column":0},"end":{"line":12,"column":49}},"8":{"start":{"line":14,"column":0},"end":{"line":14,"column":24}}},"fnMap":{},"branchMap":{},"s":{"0":1,"1":1,"2":1,"3":1,"4":1,"5":1,"6":1,"7":1,"8":1},"f":{},"b":{},"_coverageSchema":"1a1c01bbd47fc00a2c39e90264f33305004495a9","hash":"d30c093892e74c014ac2c6e30bc46525892432e8"}
,"C:\\Users\\Jhontri Boyke\\Documents\\Binar\\challenges\\old-chapter-4\\src\\routes\\v1\\transactions.route.js": {"path":"C:\\Users\\Jhontri Boyke\\Documents\\Binar\\challenges\\old-chapter-4\\src\\routes\\v1\\transactions.route.js","statementMap":{"0":{"start":{"line":1,"column":19},"end":{"line":1,"column":37}},"1":{"start":{"line":6,"column":4},"end":{"line":6,"column":47}},"2":{"start":{"line":8,"column":2},"end":{"line":8,"column":50}},"3":{"start":{"line":10,"column":15},"end":{"line":10,"column":23}},"4":{"start":{"line":13,"column":0},"end":{"line":13,"column":60}},"5":{"start":{"line":16,"column":0},"end":{"line":16,"column":62}},"6":{"start":{"line":19,"column":0},"end":{"line":23,"column":2}},"7":{"start":{"line":26,"column":0},"end":{"line":30,"column":2}},"8":{"start":{"line":33,"column":0},"end":{"line":37,"column":2}},"9":{"start":{"line":42,"column":0},"end":{"line":42,"column":64}},"10":{"start":{"line":44,"column":0},"end":{"line":44,"column":24}}},"fnMap":{},"branchMap":{},"s":{"0":1,"1":1,"2":1,"3":1,"4":1,"5":1,"6":1,"7":1,"8":1,"9":1,"10":1},"f":{},"b":{},"_coverageSchema":"1a1c01bbd47fc00a2c39e90264f33305004495a9","hash":"98762de1bcb8d9c80824cce53a2fe0f441d978d8"}
,"C:\\Users\\Jhontri Boyke\\Documents\\Binar\\challenges\\old-chapter-4\\src\\routes\\v1\\users.route.js": {"path":"C:\\Users\\Jhontri Boyke\\Documents\\Binar\\challenges\\old-chapter-4\\src\\routes\\v1\\users.route.js","statementMap":{"0":{"start":{"line":1,"column":19},"end":{"line":1,"column":37}},"1":{"start":{"line":4,"column":4},"end":{"line":4,"column":47}},"2":{"start":{"line":6,"column":27},"end":{"line":6,"column":69}},"3":{"start":{"line":8,"column":15},"end":{"line":8,"column":23}},"4":{"start":{"line":11,"column":0},"end":{"line":11,"column":44}},"5":{"start":{"line":14,"column":0},"end":{"line":14,"column":47}},"6":{"start":{"line":17,"column":0},"end":{"line":17,"column":75}},"7":{"start":{"line":20,"column":0},"end":{"line":24,"column":2}},"8":{"start":{"line":27,"column":0},"end":{"line":27,"column":53}},"9":{"start":{"line":29,"column":0},"end":{"line":29,"column":24}}},"fnMap":{},"branchMap":{},"s":{"0":1,"1":1,"2":1,"3":1,"4":1,"5":1,"6":1,"7":1,"8":1,"9":1},"f":{},"b":{},"_coverageSchema":"1a1c01bbd47fc00a2c39e90264f33305004495a9","hash":"a31837b94eafff3c60dc37a810db63483315dd8a"}
}
